<?xml version="1.0" encoding="UTF-8"?>
<robot generator="Robot 3.0.2 (Python 3.6.0 on darwin)" generated="20170418 10:45:02.726">
<suite id="s1" name="Func Test" source="/Users/pzn666/Documents/RobotFramework/routine_tests/func_test.robot">
<test id="s1-t1" name="Open Home Page">
<kw name="Open Browser To Home Page" library="resource">
<kw name="Open Browser" library="Selenium2Library">
<doc>Opens a new browser instance to given URL.</doc>
<arguments>
<arg>${HOME}</arg>
<arg>${BROWSER}</arg>
</arguments>
<msg timestamp="20170418 10:45:02.882" level="INFO">Opening browser 'Firefox' to base url 'https://video.ey.gov.tw'</msg>
<status status="PASS" starttime="20170418 10:45:02.882" endtime="20170418 10:45:10.991"></status>
</kw>
<kw name="Set Selenium Speed" library="Selenium2Library">
<doc>Sets the delay in seconds that is waited after each Selenium command.</doc>
<arguments>
<arg>${DELAY}</arg>
</arguments>
<status status="PASS" starttime="20170418 10:45:10.992" endtime="20170418 10:45:10.992"></status>
</kw>
<status status="PASS" starttime="20170418 10:45:02.881" endtime="20170418 10:45:10.993"></status>
</kw>
<kw name="Home Page Should Be Open" library="resource">
<kw name="Title Should Be" library="Selenium2Library">
<doc>Verifies that current page title equals `title`.</doc>
<arguments>
<arg>行政院數位影音資料館</arg>
</arguments>
<msg timestamp="20170418 10:45:11.004" level="INFO">Page title is '行政院數位影音資料館'.</msg>
<status status="PASS" starttime="20170418 10:45:10.994" endtime="20170418 10:45:11.004"></status>
</kw>
<status status="PASS" starttime="20170418 10:45:10.993" endtime="20170418 10:45:11.004"></status>
</kw>
<kw name="Go To" library="Selenium2Library">
<doc>Navigates the active browser instance to the provided URL.</doc>
<arguments>
<arg>${test_url}</arg>
</arguments>
<msg timestamp="20170418 10:45:11.005" level="INFO">Opening url 'https://video.ey.gov.tw/?eyp=recent&amp;ccid=1&amp;title=%E8%BF%91%E6%9C%9F%E5%BD%B1%E9%9F%B3'</msg>
<status status="PASS" starttime="20170418 10:45:11.004" endtime="20170418 10:45:11.845"></status>
</kw>
<kw name="Sleep" library="BuiltIn">
<doc>Pauses the test executed for the given time.</doc>
<arguments>
<arg>5s</arg>
</arguments>
<msg timestamp="20170418 10:45:16.846" level="INFO">Slept 5 seconds</msg>
<status status="PASS" starttime="20170418 10:45:11.845" endtime="20170418 10:45:16.846"></status>
</kw>
<status status="PASS" starttime="20170418 10:45:02.880" endtime="20170418 10:45:16.846" critical="yes"></status>
</test>
<test id="s1-t2" name="Click Link By Title">
<kw name="Click Link By Title" library="Selenium2Library">
<doc>Click link by title attribute of a link</doc>
<arguments>
<arg>2017年4月12日台東大武愛國蒲部落遷建 林揆期許如質完工早日遷居（行政院長林全參加「莫蘭蒂災後大武愛國蒲部落遷建動土祈福典禮」）</arg>
</arguments>
<msg timestamp="20170418 10:45:16.848" level="INFO">Clicking link with title '2017年4月12日台東大武愛國蒲部落遷建 林揆期許如質完工早日遷居（行政院長林全參加「莫蘭蒂災後大武愛國蒲部落遷建動土祈福典禮」）'.</msg>
<status status="PASS" starttime="20170418 10:45:16.848" endtime="20170418 10:45:16.893"></status>
</kw>
<status status="PASS" starttime="20170418 10:45:16.847" endtime="20170418 10:45:16.893" critical="yes"></status>
</test>
<test id="s1-t3" name="Close Browser">
<kw name="Close Browser" library="Selenium2Library">
<doc>Closes the current browser.</doc>
<status status="PASS" starttime="20170418 10:45:16.894" endtime="20170418 10:45:16.977"></status>
</kw>
<status status="PASS" starttime="20170418 10:45:16.893" endtime="20170418 10:45:16.978" critical="yes"></status>
</test>
<status status="PASS" starttime="20170418 10:45:02.729" endtime="20170418 10:45:16.979"></status>
</suite>
<statistics>
<total>
<stat pass="3" fail="0">Critical Tests</stat>
<stat pass="3" fail="0">All Tests</stat>
</total>
<tag>
</tag>
<suite>
<stat pass="3" fail="0" id="s1" name="Func Test">Func Test</stat>
</suite>
</statistics>
<errors>
</errors>
</robot>
